app/manifest-merger-debug-report.txt
-- Merging decision tree log ---
manifest
ADDED from AndroidManifest.xml:2:1
	package
		ADDED from AndroidManifest.xml:3:2
		INJECTED from AndroidManifest.xml:0:0
		INJECTED from AndroidManifest.xml:0:0
	android:versionName
		ADDED from AndroidManifest.xml:5:2
	android:versionCode
		ADDED from AndroidManifest.xml:4:2
		INJECTED from AndroidManifest.xml:0:0
		INJECTED from AndroidManifest.xml:0:0
	xmlns:android
		ADDED from AndroidManifest.xml:2:11
uses-sdk
ADDED from AndroidManifest.xml:6:1
MERGED from com.android.support:appcompat-v7:19.1.0:18:5
MERGED from com.google.android.gms:play-services:5.0.89:15:5
	android:targetSdkVersion
		ADDED from AndroidManifest.xml:7:11
		INJECTED from AndroidManifest.xml:0:0
		INJECTED from AndroidManifest.xml:0:0
	android:minSdkVersion
		ADDED from AndroidManifest.xml:6:11
		INJECTED from AndroidManifest.xml:0:0
		INJECTED from AndroidManifest.xml:0:0
uses-permission#android.permission.INTERNET
ADDED from AndroidManifest.xml:10:3
	android:name
		ADDED from AndroidManifest.xml:10:20
uses-permission#android.permission.ACCESS_NETWORK_STATE
ADDED from AndroidManifest.xml:11:3
	android:name
		ADDED from AndroidManifest.xml:11:20
uses-permission#android.permission.WRITE_EXTERNAL_STORAGE
ADDED from AndroidManifest.xml:12:1
	android:name
		ADDED from AndroidManifest.xml:12:18
uses-permission#android.permission.ACCESS_COARSE_LOCATION
ADDED from AndroidManifest.xml:14:1
	android:name
		ADDED from AndroidManifest.xml:14:18
uses-permission#android.permission.ACCESS_FINE_LOCATION
ADDED from AndroidManifest.xml:15:1
	android:name
		ADDED from AndroidManifest.xml:15:18
uses-permission#android.permission.SEND_SMS
ADDED from AndroidManifest.xml:16:1
	android:name
		ADDED from AndroidManifest.xml:16:18
uses-permission#android.permission.WRITE_SMS
ADDED from AndroidManifest.xml:17:1
	android:name
		ADDED from AndroidManifest.xml:17:18
uses-permission#android.permission.RECEIVE_SMS
ADDED from AndroidManifest.xml:18:1
	android:name
		ADDED from AndroidManifest.xml:18:18
uses-feature#0x00020000
ADDED from AndroidManifest.xml:19:1
	android:glEsVersion
		ADDED from AndroidManifest.xml:20:9
	android:required
		ADDED from AndroidManifest.xml:21:9
application
ADDED from AndroidManifest.xml:22:2
MERGED from com.android.support:appcompat-v7:19.1.0:19:5
MERGED from com.google.android.gms:play-services:5.0.89:16:5
	android:label
		ADDED from AndroidManifest.xml:25:3
	android:hardwareAccelerated
		ADDED from AndroidManifest.xml:27:3
	android:allowBackup
		ADDED from AndroidManifest.xml:23:6
	android:icon
		ADDED from AndroidManifest.xml:24:6
	android:theme
		ADDED from AndroidManifest.xml:26:3
meta-data#com.google.android.maps.v2.API_KEY
ADDED from AndroidManifest.xml:30:3
	android:value
		ADDED from AndroidManifest.xml:32:1
	android:name
		ADDED from AndroidManifest.xml:31:1
meta-data#com.google.android.gms.version
ADDED from AndroidManifest.xml:33:1
	android:value
		ADDED from AndroidManifest.xml:35:5
	android:name
		ADDED from AndroidManifest.xml:34:5
activity#com.fareguru.gmap.MainActivity
ADDED from AndroidManifest.xml:36:2
	android:label
		ADDED from AndroidManifest.xml:38:6
	android:name
		ADDED from AndroidManifest.xml:37:6
intent-filter#android.intent.action.MAP+android.intent.category.DEFAULT
ADDED from AndroidManifest.xml:40:2
action#android.intent.action.MAP
ADDED from AndroidManifest.xml:41:2
	android:name
		ADDED from AndroidManifest.xml:41:10
category#android.intent.category.DEFAULT
ADDED from AndroidManifest.xml:42:2
	android:name
		ADDED from AndroidManifest.xml:42:12
activity#com.fareguru.gmap.Second
ADDED from AndroidManifest.xml:45:2
	android:label
		ADDED from AndroidManifest.xml:47:6
	android:name
		ADDED from AndroidManifest.xml:46:6
intent-filter#android.intent.action.SECOND+android.intent.category.DEFAULT
ADDED from AndroidManifest.xml:49:2
action#android.intent.action.SECOND
ADDED from AndroidManifest.xml:50:2
	android:name
		ADDED from AndroidManifest.xml:50:10
activity#com.fareguru.gmap.Start
ADDED from AndroidManifest.xml:55:2
	android:label
		ADDED from AndroidManifest.xml:57:13
	android:name
		ADDED from AndroidManifest.xml:56:13
intent-filter#android.intent.action.MAIN+android.intent.category.LAUNCHER
ADDED from AndroidManifest.xml:58:13
action#android.intent.action.MAIN
ADDED from AndroidManifest.xml:59:17
	android:name
		ADDED from AndroidManifest.xml:59:25
category#android.intent.category.LAUNCHER
ADDED from AndroidManifest.xml:61:17
	android:name
		ADDED from AndroidManifest.xml:61:27
activity#com.example.gmap.Auto
ADDED from AndroidManifest.xml:76:3
	android:label
		ADDED from AndroidManifest.xml:78:13
	android:name
		ADDED from AndroidManifest.xml:77:13
intent-filter#android.intent.action.Auto+android.intent.category.DEFAULT
ADDED from AndroidManifest.xml:79:13
action#android.intent.action.Auto
ADDED from AndroidManifest.xml:80:17
	android:name
		ADDED from AndroidManifest.xml:80:25
activity#com.example.gmap.Taxi
ADDED from AndroidManifest.xml:86:3
	android:label
		ADDED from AndroidManifest.xml:88:13
	android:name
		ADDED from AndroidManifest.xml:87:13
intent-filter#android.intent.action.Taxi+android.intent.category.DEFAULT
ADDED from AndroidManifest.xml:89:13
action#android.intent.action.Taxi
ADDED from AndroidManifest.xml:90:17
	android:name
		ADDED from AndroidManifest.xml:90:25
activity#com.example.gmap.Taxinon
ADDED from AndroidManifest.xml:95:10
	android:label
		ADDED from AndroidManifest.xml:97:13
	android:name
		ADDED from AndroidManifest.xml:96:13
intent-filter#android.intent.action.TAXINON+android.intent.category.DEFAULT
ADDED from AndroidManifest.xml:98:13
action#android.intent.action.TAXINON
ADDED from AndroidManifest.xml:99:17
	android:name
		ADDED from AndroidManifest.xml:99:25